=== REGISTRATION STARTED: Thu Jul 23 06:23:39 UTC 2026 ===
============================= test session starts ==============================
platform linux -- Python 3.13.14, pytest-8.3.5, pluggy-1.6.0 -- /opt/hostedtoolcache/Python/3.13.14/x64/bin/python
cachedir: .pytest_cache
metadata: {'Python': '3.13.14', 'Platform': 'Linux-6.17.0-1020-azure-x86_64-with-glibc2.39', 'Packages': {'pytest': '8.3.5', 'pluggy': '1.6.0'}, 'Plugins': {'html': '4.2.0', 'rerunfailures': '16.4', 'Faker': '40.35.0', 'xdist': '3.8.0', 'metadata': '3.1.1'}, 'CI': 'true', 'JAVA_HOME': '/usr/lib/jvm/temurin-17-jdk-amd64'}
rootdir: /home/runner/work/Mocha_accounting/Mocha_accounting
configfile: pytest.ini
plugins: html-4.2.0, rerunfailures-16.4, Faker-40.35.0, xdist-3.8.0, metadata-3.1.1
collecting ... collected 1 item

email_automation/tests/test_registration_runner.py::test_daily_registration PASSED [100%]

==================================== PASSES ====================================
___________________________ test_daily_registration ____________________________
---------------------------- Captured stderr setup -----------------------------
2026-07-23 06:23:41 [INFO] WDM — ====== WebDriver manager ======
2026-07-23 06:23:41 [INFO] WDM — Get LATEST chromedriver version for google-chrome
2026-07-23 06:23:41 [INFO] WDM — Get LATEST chromedriver version for google-chrome
2026-07-23 06:23:41 [INFO] WDM — There is no [linux64] chromedriver "150.0.7871.124" for browser google-chrome "150.0.7871" in cache
2026-07-23 06:23:41 [INFO] WDM — Get LATEST chromedriver version for google-chrome
2026-07-23 06:23:41 [INFO] WDM — WebDriver version 150.0.7871.124 selected
2026-07-23 06:23:41 [INFO] WDM — Modern chrome version https://storage.googleapis.com/chrome-for-testing-public/150.0.7871.124/linux64/chromedriver-linux64.zip
2026-07-23 06:23:41 [INFO] WDM — About to download new driver from https://storage.googleapis.com/chrome-for-testing-public/150.0.7871.124/linux64/chromedriver-linux64.zip
2026-07-23 06:23:41 [INFO] WDM — Driver downloading response is 200
2026-07-23 06:23:41 [INFO] WDM — Get LATEST chromedriver version for google-chrome
2026-07-23 06:23:41 [INFO] WDM — Driver has been saved in cache [/home/runner/.wdm/drivers/chromedriver/linux64/150.0.7871.124]
2026-07-23 06:23:49 [INFO] root — Navigated to registration URL: https://mochaaccounting.com/
----------------------------- Captured stdout call -----------------------------
Password@123
----------------------------- Captured stderr call -----------------------------
2026-07-23 06:24:02 [INFO] email_automation.tests.test_registration_runner — Clicked Sign-up for free.
2026-07-23 06:24:02 [INFO] root — Entered First Name: Automation_FN_20260723_062349
2026-07-23 06:24:04 [INFO] root — Entered Last Name: Tester_LN_20260723_062349
2026-07-23 06:24:08 [INFO] email_automation.tests.test_registration_runner — Registered email: mochaautotest+20260723_062349@gmail.com
2026-07-23 06:24:09 [INFO] email_automation.tests.test_registration_runner — Signup form submitted.
2026-07-23 06:24:19 [INFO] googleapiclient.discovery_cache — file_cache is only supported with oauth2client<4.0.0
2026-07-23 06:24:19 [INFO] root — Fetching OTP with up to 5 retries (every 20s)...
2026-07-23 06:24:20 [INFO] root — OTP extracted from subject: 969823
2026-07-23 06:24:20 [INFO] root — Using OTP: 969823
2026-07-23 06:24:21 [INFO] root — OTP submitted successfully.
2026-07-23 06:24:23 [INFO] email_automation.tests.test_registration_runner — OTP entered: 969823
2026-07-23 06:24:25 [INFO] root — Password and Confirm Password entered successfully.
2026-07-23 06:24:30 [INFO] email_automation.tests.test_registration_runner — Password set and Next clicked.
2026-07-23 06:24:36 [INFO] email_automation.tests.test_registration_runner — Logged in successfully.
2026-07-23 06:25:10 [INFO] email_automation.tests.test_registration_runner — Pricing plan selected and proceeded.
2026-07-23 06:25:20 [INFO] email_automation.utils.registration_tracker — Registration history saved (2 records).
2026-07-23 06:25:20 [INFO] email_automation.utils.registration_tracker — New registration recorded: mochaautotest+20260723_062349@gmail.com
2026-07-23 06:25:20 [INFO] email_automation.tests.test_registration_runner — Registration saved: email=mochaautotest+20260723_062349@gmail.com, first_name=Automation_FN_20260723_062349
2026-07-23 06:25:20 [INFO] email_automation.tests.test_registration_runner — Registration test PASSED – history updated.
------------------------------ Captured log call -------------------------------
INFO     email_automation.tests.test_registration_runner:test_registration_runner.py:57 Clicked Sign-up for free.
INFO     root:enhanced_registration.py:43 Entered First Name: Automation_FN_20260723_062349
INFO     root:enhanced_registration.py:55 Entered Last Name: Tester_LN_20260723_062349
INFO     email_automation.tests.test_registration_runner:test_registration_runner.py:63 Registered email: mochaautotest+20260723_062349@gmail.com
INFO     email_automation.tests.test_registration_runner:test_registration_runner.py:69 Signup form submitted.
INFO     googleapiclient.discovery_cache:__init__.py:49 file_cache is only supported with oauth2client<4.0.0
INFO     root:get_mail_otp.py:142 Fetching OTP with up to 5 retries (every 20s)...
INFO     root:get_mail_otp.py:79 OTP extracted from subject: 969823
INFO     root:registration.py:160 Using OTP: 969823
INFO     root:registration.py:165 OTP submitted successfully.
INFO     email_automation.tests.test_registration_runner:test_registration_runner.py:75 OTP entered: 969823
INFO     root:registration.py:182 Password and Confirm Password entered successfully.
INFO     email_automation.tests.test_registration_runner:test_registration_runner.py:82 Password set and Next clicked.
INFO     email_automation.tests.test_registration_runner:test_registration_runner.py:89 Logged in successfully.
INFO     email_automation.tests.test_registration_runner:test_registration_runner.py:102 Pricing plan selected and proceeded.
INFO     email_automation.utils.registration_tracker:registration_tracker.py:71 Registration history saved (2 records).
INFO     email_automation.utils.registration_tracker:registration_tracker.py:107 New registration recorded: mochaautotest+20260723_062349@gmail.com
INFO     email_automation.tests.test_registration_runner:test_registration_runner.py:113 Registration saved: email=mochaautotest+20260723_062349@gmail.com, first_name=Automation_FN_20260723_062349
INFO     email_automation.tests.test_registration_runner:test_registration_runner.py:126 Registration test PASSED – history updated.
- Generated html report: file:///home/runner/work/Mocha_accounting/Mocha_accounting/email_automation/reports/registration_2026-07-23.html -
========================= 1 passed in 99.62s (0:01:39) =========================
=== REGISTRATION COMPLETED (exit 0) ===
