========== Environment Info ==========
Python: Python 3.13.7
Chrome: Google Chrome 141.0.7390.107 
Working directory: /home/runner/work/Mocha_accounting/Mocha_accounting
======================================
========== Linting Check ==========
0
========== End of Linting ==========
============================================
Test Run Started: 2025-10-16 03:51:46
--------------------------------------------
Running tests with detailed output...
ImportError while loading conftest '/home/runner/work/Mocha_accounting/Mocha_accounting/tests/test_signup_login/conftest.py'.
tests/test_signup_login/conftest.py:24: in <module>
    from utilities.signup_login_data_reader import SignupLoginDataReader
E   ModuleNotFoundError: No module named 'utilities'
--------------------------------------------
Test Run Finished: 2025-10-16 03:51:48
Duration: 2 seconds
Status: FAILURE
Exit Code: 4
============================================
