========== Linting Errors ==========
0
========== End of Linting ==========
============================================
Test Run Started: 2025-08-01 04:36:39
--------------------------------------------
============================= test session starts ==============================
platform linux -- Python 3.13.5, pytest-8.3.5, pluggy-1.6.0 -- /opt/hostedtoolcache/Python/3.13.5/x64/bin/python
cachedir: .pytest_cache
metadata: {'Python': '3.13.5', 'Platform': 'Linux-6.11.0-1018-azure-x86_64-with-glibc2.39', 'Packages': {'pytest': '8.3.5', 'pluggy': '1.6.0'}, 'Plugins': {'rerunfailures': '15.1', 'Faker': '37.5.3', 'xdist': '3.8.0', 'html': '4.1.1', 'metadata': '3.1.1'}, 'CI': 'true', 'JAVA_HOME': '/usr/lib/jvm/temurin-17-jdk-amd64'}
rootdir: /home/runner/work/Mocha_accounting/Mocha_accounting
plugins: rerunfailures-15.1, Faker-37.5.3, xdist-3.8.0, html-4.1.1, metadata-3.1.1
collecting ... collected 19 items

tests/test_login.py::test_valid_login[ranjeet.gupta@mochatechnologies.com-Ais@1234] PASSED [  5%]
tests/test_login.py::test_valid_login[samatakamble9@gmail.com-Samata@16] PASSED [ 10%]
tests/test_login.py::test_valid_login[shubhamdabir07@gmail.com-Shubham@1234] PASSED [ 15%]
tests/test_login.py::test_valid_login[hrishikesh.shinde1607@gmail.com-Hrishikesh@1234] PASSED [ 21%]
tests/test_login.py::test_invalid_email_login[username0] PASSED          [ 26%]
tests/test_login.py::test_invalid_email_login[username1] PASSED          [ 31%]
tests/test_login.py::test_invalid_email_login[username2] PASSED          [ 36%]
tests/test_login.py::test_invalid_email_login[username3] PASSED          [ 42%]
tests/test_login.py::test_invalid_password_login[ranjeet.gupta@mochatechnologies.com-Password@123] PASSED [ 47%]
tests/test_login.py::test_invalid_password_login[samatakamble9@gmail.com-Password@12] PASSED [ 52%]
tests/test_login.py::test_invalid_password_login[shubhamdabir07@gmail.com-Password] PASSED [ 57%]
tests/test_login.py::test_invalid_password_login[hrishikesh.shinde1607@gmail.com-payer@1234] PASSED [ 63%]
tests/test_login.py::test_blank_username_validation PASSED               [ 68%]
tests/test_login.py::test_blank_password_validation PASSED               [ 73%]
tests/test_login.py::test_invalid_email_validation[username0] PASSED     [ 78%]
tests/test_login.py::test_invalid_email_validation[username1] PASSED     [ 84%]
tests/test_login.py::test_invalid_email_validation[username2] PASSED     [ 89%]
tests/test_login.py::test_invalid_email_validation[username3] PASSED     [ 94%]
tests/test_login.py::test_invalid_email_validation[username4] PASSED     [100%]

- Generated html report: file:///home/runner/work/Mocha_accounting/Mocha_accounting/C%3A%5CUsers%5CTaurus13%5CPycharmProjects%5CPythonProject%5Creports/20250801_043641/report.html -
======================== 19 passed in 81.48s (0:01:21) =========================
--------------------------------------------
Test Run Finished: 2025-08-01 04:38:03
Duration: 84 seconds
Status: SUCCESS
Exit Code: 0
============================================
