Thu May  8 14:32:18 UTC 2025 - TEST SUCCESS
Fri May  9 13:46:18 UTC 2025 - TEST FAILURE
Wed Jul  2 14:46:15 UTC 2025 - TEST FAILURE
Wed Jul  2 18:56:10 UTC 2025 - TEST FAILURE
Wed Jul  2 19:12:45 UTC 2025 - TEST FAILURE
Thu Jul  3 01:44:59 UTC 2025 - TEST SUCCESS
Mon Jul  7 11:20:32 UTC 2025 - TEST SUCCESS
Thu Jul 10 01:47:10 UTC 2025 - TEST SUCCESS
Mon Jul 14 11:20:54 UTC 2025 - TEST FAILURE
Thu Jul 17 01:50:04 UTC 2025 - TEST FAILURE
Mon Jul 21 11:31:30 UTC 2025 - TEST FAILURE
Thu Jul 24 01:51:22 UTC 2025 - TEST SUCCESS
Mon Jul 28 11:21:27 UTC 2025 - TEST SUCCESS
Thu Jul 31 01:53:02 UTC 2025 - TEST SUCCESS
Mon Aug  4 11:22:27 UTC 2025 - TEST SUCCESS
Thu Aug  7 01:54:37 UTC 2025 - TEST SUCCESS
Mon Aug 11 11:21:24 UTC 2025 - TEST SUCCESS
Thu Aug 14 01:45:48 UTC 2025 - TEST SUCCESS
Mon Aug 18 11:20:55 UTC 2025 - TEST SUCCESS
Thu Aug 21 01:38:15 UTC 2025 - TEST SUCCESS
Mon Aug 25 11:19:32 UTC 2025 - TEST SUCCESS
Thu Aug 28 01:27:34 UTC 2025 - TEST SUCCESS
Mon Sep  1 11:18:35 UTC 2025 - TEST SUCCESS
Thu Sep  4 01:23:44 UTC 2025 - TEST SUCCESS
